[INFO 2020-06-29 19:33:33]解析yaml, Path:E:\python_project\InformationJava/Params/Yaml/Hierarchy.yaml
[INFO 2020-06-29 19:37:33]解析yaml, Path:E:\python_project\InformationJava/Params/Yaml/Hierarchy.yaml
[INFO 2020-06-29 19:39:56]解析yaml, Path:E:\python_project\InformationJava/Params/Yaml/Hierarchy.yaml
[INFO 2020-06-29 19:41:43]解析yaml, Path:E:\python_project\InformationJava/Params/Yaml/Hierarchy.yaml
[INFO 2020-06-29 19:42:42]解析yaml, Path:E:\python_project\InformationJava/Params/Yaml/Hierarchy.yaml
[INFO 2020-06-29 19:42:58]解析yaml, Path:E:\python_project\InformationJava/Params/Yaml/Hierarchy.yaml
[INFO 2020-06-29 19:52:16]解析yaml, Path:E:\python_project\InformationJava/Params/Yaml/Hierarchy.yaml
[INFO 2020-06-29 19:54:06]解析yaml, Path:E:\python_project\InformationJava/Params/Yaml/Hierarchy.yaml
[INFO 2020-06-29 19:57:16]解析yaml, Path:E:\python_project\InformationJava/Params/Yaml/Hierarchy.yaml
[INFO 2020-06-29 19:57:49]解析yaml, Path:E:\python_project\InformationJava/Params/Yaml/Hierarchy.yaml
[INFO 2020-06-29 20:01:40]解析yaml, Path:E:\python_project\InformationJava/Params/Yaml/Hierarchy.yaml
[INFO 2020-06-29 20:01:40]文件已经开始执行
[INFO 2020-06-29 20:02:36]解析yaml, Path:E:\python_project\InformationJava/Params/Yaml/Hierarchy.yaml
[INFO 2020-06-29 20:03:03]解析yaml, Path:E:\python_project\InformationJava/Params/Yaml/Hierarchy.yaml
[INFO 2020-06-29 20:04:23]解析yaml, Path:E:\python_project\InformationJava/Params/Yaml/Hierarchy.yaml
[INFO 2020-06-29 20:04:23]文件已经开始执行
[INFO 2020-06-29 20:05:51]解析yaml, Path:E:\python_project\InformationJava/Params/Yaml/Hierarchy.yaml
[INFO 2020-06-29 20:05:51]文件已经开始执行
[INFO 2020-06-29 20:35:56]解析yaml, Path:E:\python_project\InformationJava/Params/Yaml/Hierarchy.yaml
[INFO 2020-06-29 20:35:56]文件已经开始执行
[INFO 2020-06-29 20:38:58]解析yaml, Path:E:\python_project\InformationJava/Params/Yaml/Hierarchy.yaml
[INFO 2020-06-29 20:40:39]解析yaml, Path:E:\python_project\InformationJava/Params/Yaml/Hierarchy.yaml
[INFO 2020-06-29 20:41:05]解析yaml, Path:E:\python_project\InformationJava/Params/Yaml/Hierarchy.yaml
[INFO 2020-06-30 09:02:57]解析yaml, Path:E:\python_project\InformationJava/Params/Yaml/Hierarchy.yaml
[INFO 2020-06-30 09:03:20]解析yaml, Path:E:\python_project\InformationJava/Params/Yaml/Hierarchy.yaml
[INFO 2020-06-30 09:04:31]解析yaml, Path:E:\python_project\InformationJava/Params/Yaml/Hierarchy.yaml
[INFO 2020-06-30 09:05:46]解析yaml, Path:E:\python_project\InformationJava/Params/Yaml/Hierarchy.yaml
[INFO 2020-06-30 09:06:50]解析yaml, Path:E:\python_project\InformationJava/Params/Yaml/Hierarchy.yaml
[INFO 2020-06-30 09:44:20]解析yaml, Path:E:\python_project\InformationJava/Params/Yaml/Hierarchy.yaml
[INFO 2020-06-30 09:44:20]文件已开始执行
[INFO 2020-06-30 09:46:33]解析yaml, Path:E:\python_project\InformationJava/Params/Yaml/Hierarchy.yaml
[INFO 2020-06-30 09:46:33]文件已开始执行
[INFO 2020-06-30 09:48:02]解析yaml, Path:E:\python_project\InformationJava/Params/Yaml/Hierarchy.yaml
[INFO 2020-06-30 09:48:02]文件已开始执行
[INFO 2020-06-30 15:16:58]解析yaml, Path:E:\python_project\InformationJava/Params/Yaml/Hierarchy.yaml
[INFO 2020-06-30 15:16:58]解析yaml, Path:E:\python_project\InformationJava/Params/Yaml/Hierarchy.yaml
[INFO 2020-06-30 15:17:49]解析yaml, Path:E:\python_project\InformationJava/Params/Yaml/Hierarchy.yaml
[INFO 2020-06-30 15:17:49]解析yaml, Path:E:\python_project\InformationJava/Params/Yaml/Hierarchy.yaml
[INFO 2020-06-30 15:17:49]文件已开始执行
[INFO 2020-06-30 15:19:14]解析yaml, Path:E:\python_project\InformationJava/Params/Yaml/Hierarchy.yaml
[INFO 2020-06-30 15:19:14]解析yaml, Path:E:\python_project\InformationJava/Params/Yaml/Hierarchy.yaml
[INFO 2020-06-30 15:19:14]文件已开始执行
[INFO 2020-06-30 15:20:17]解析yaml, Path:E:\python_project\InformationJava/Params/Yaml/Hierarchy.yaml
[INFO 2020-06-30 15:20:17]解析yaml, Path:E:\python_project\InformationJava/Params/Yaml/Hierarchy.yaml
[INFO 2020-06-30 15:20:17]文件已开始执行
[INFO 2020-06-30 15:21:09]解析yaml, Path:E:\python_project\InformationJava/Params/Yaml/Hierarchy.yaml
[INFO 2020-06-30 15:21:09]解析yaml, Path:E:\python_project\InformationJava/Params/Yaml/Hierarchy.yaml
[INFO 2020-06-30 15:21:09]文件已开始执行
[INFO 2020-06-30 16:04:16]解析yaml, Path:E:\python_project\InformationJava/Params/Yaml/Hierarchy.yaml
[INFO 2020-06-30 16:04:16]解析yaml, Path:E:\python_project\InformationJava/Params/Yaml/Hierarchy.yaml
[INFO 2020-06-30 16:04:16]文件已开始执行
[INFO 2020-06-30 16:04:48]解析yaml, Path:E:\python_project\InformationJava/Params/Yaml/Hierarchy.yaml
[INFO 2020-06-30 16:04:48]解析yaml, Path:E:\python_project\InformationJava/Params/Yaml/Hierarchy.yaml
[INFO 2020-06-30 16:04:48]文件已开始执行
[INFO 2020-06-30 16:58:00]解析yaml, Path:E:\python_project\InformationJava\Params/Params/Yaml/Hierarchy.yaml
[INFO 2020-06-30 16:58:00]解析yaml, Path:E:\python_project\InformationJava\Params/Params/Yaml/Hierarchy.yaml
[INFO 2020-06-30 16:58:00]文件已开始执行
[INFO 2020-06-30 17:03:54]解析yaml, Path:E:\python_project\InformationJava\Params/Params/Param/Hierarchy/GetHierarchy.yaml
[INFO 2020-06-30 17:05:19]解析yaml, Path:E:\python_project\InformationJava\Params/Params/Param/Hierarchy/Yaml/GetHierarchy.yaml
[INFO 2020-06-30 17:06:27]解析yaml, Path:E:\python_project\InformationJava\Params/Params/Param/Hierarchy/Yaml/GetHierarchy.yaml
[INFO 2020-06-30 17:06:38]解析yaml, Path:E:\python_project\InformationJava\Params/Params/Param/Hierarchy/Yaml/GetHierarchy.yaml
[INFO 2020-06-30 17:11:41]解析yaml, Path:E:\python_project\InformationJava\Params/Params/Param/Hierarchy/Yaml/GetHierarchy.yaml
[INFO 2020-06-30 17:14:54]解析yaml, Path:E:\python_project\InformationJava\Params/Param/Hierarchy/Yaml/GetHierarchy.yaml
[INFO 2020-06-30 17:16:32]解析yaml, Path:E:\python_project\InformationJava\Params/Param/Hierarchy/Yaml/GetHierarchy.yaml
[INFO 2020-06-30 17:18:58]解析yaml, Path:E:\python_project\InformationJava\Params/Param/Hierarchy/Yaml/GetHierarchy.yaml
[INFO 2020-06-30 17:19:48]解析yaml, Path:E:\python_project\InformationJava\Params/Param/Hierarchy/Yaml/GetHierarchy.yaml
[INFO 2020-06-30 17:20:09]解析yaml, Path:E:\python_project\InformationJava\Params/Param/Hierarchy/Yaml/GetHierarchy.yaml
[INFO 2020-06-30 17:22:49]解析yaml, Path:E:\python_project\InformationJava\Params/Param/Hierarchy/Yaml/GetHierarchy.yaml
[INFO 2020-06-30 17:25:01]解析yaml, Path:E:\python_project\InformationJava\Params/Param/Hierarchy/Yaml/GetHierarchy.yaml
[INFO 2020-06-30 17:30:45]解析yaml, Path:E:\python_project\InformationJava\Params/Param/Hierarchy/Yaml/GetHierarchy.yaml
[INFO 2020-06-30 17:32:54]文件已开始执行
[INFO 2020-06-30 17:37:09]解析yaml, Path:E:\python_project\InformationJava\Params/Param/Hierarchy/Yaml/GetHierarchy.yaml
[INFO 2020-06-30 17:37:09]文件已开始执行
[INFO 2020-06-30 17:45:23]解析yaml, Path:E:\python_project\InformationJava\Params/Param/Hierarchy/Yaml/GetHierarchy.yaml
[INFO 2020-06-30 17:45:23]解析yaml, Path:E:\python_project\InformationJava\Params/Param/Hierarchy/Yaml/AddHierarchy.yaml
[INFO 2020-06-30 17:45:23]文件已开始执行
[INFO 2020-06-30 19:36:39]解析yaml, Path:E:\python_project\InformationJava\Params/Param/Hierarchy/Yaml/GetHierarchy.yaml
[INFO 2020-06-30 19:36:39]解析yaml, Path:E:\python_project\InformationJava\Params/Param/Hierarchy/Yaml/AddHierarchy.yaml
[INFO 2020-06-30 19:36:39]解析yaml, Path:E:\python_project\InformationJava\Params/Param/Hierarchy/Yaml/DeleteHierarchy.yaml
[INFO 2020-06-30 19:36:39]文件已开始执行
[INFO 2020-06-30 19:38:29]解析yaml, Path:E:\python_project\InformationJava\Params/Param/Hierarchy/Yaml/GetHierarchy.yaml
[INFO 2020-06-30 19:38:29]解析yaml, Path:E:\python_project\InformationJava\Params/Param/Hierarchy/Yaml/AddHierarchy.yaml
[INFO 2020-06-30 19:38:29]解析yaml, Path:E:\python_project\InformationJava\Params/Param/Hierarchy/Yaml/DeleteHierarchy.yaml
[INFO 2020-06-30 19:38:29]文件已开始执行
[INFO 2020-06-30 19:40:40]解析yaml, Path:E:\python_project\InformationJava\Params/Param/Hierarchy/Yaml/GetHierarchy.yaml
[INFO 2020-06-30 19:40:40]解析yaml, Path:E:\python_project\InformationJava\Params/Param/Hierarchy/Yaml/AddHierarchy.yaml
[INFO 2020-06-30 19:40:40]解析yaml, Path:E:\python_project\InformationJava\Params/Param/Hierarchy/Yaml/DeleteHierarchy.yaml
[INFO 2020-06-30 19:40:40]文件已开始执行
[INFO 2020-06-30 19:42:04]解析yaml, Path:E:\python_project\InformationJava\Params/Param/Hierarchy/Yaml/GetHierarchy.yaml
[INFO 2020-06-30 19:42:04]解析yaml, Path:E:\python_project\InformationJava\Params/Param/Hierarchy/Yaml/AddHierarchy.yaml
[INFO 2020-06-30 19:42:04]解析yaml, Path:E:\python_project\InformationJava\Params/Param/Hierarchy/Yaml/DeleteHierarchy.yaml
[INFO 2020-06-30 19:42:04]文件已开始执行
[INFO 2020-06-30 19:46:15]解析yaml, Path:E:\python_project\InformationJava\Params/Param/Hierarchy/Yaml/GetHierarchy.yaml
[INFO 2020-06-30 19:46:15]解析yaml, Path:E:\python_project\InformationJava\Params/Param/Hierarchy/Yaml/AddHierarchy.yaml
[INFO 2020-06-30 19:46:15]解析yaml, Path:E:\python_project\InformationJava\Params/Param/Hierarchy/Yaml/DeleteHierarchy.yaml
[INFO 2020-06-30 19:46:15]文件已开始执行
[INFO 2020-06-30 19:46:40]解析yaml, Path:E:\python_project\InformationJava\Params/Param/Hierarchy/Yaml/GetHierarchy.yaml
[INFO 2020-06-30 19:46:40]解析yaml, Path:E:\python_project\InformationJava\Params/Param/Hierarchy/Yaml/AddHierarchy.yaml
[INFO 2020-06-30 19:46:40]解析yaml, Path:E:\python_project\InformationJava\Params/Param/Hierarchy/Yaml/DeleteHierarchy.yaml
[INFO 2020-06-30 19:46:40]文件已开始执行
[INFO 2020-06-30 19:47:27]解析yaml, Path:E:\python_project\InformationJava\Params/Param/Hierarchy/Yaml/GetHierarchy.yaml
[INFO 2020-06-30 19:47:27]解析yaml, Path:E:\python_project\InformationJava\Params/Param/Hierarchy/Yaml/AddHierarchy.yaml
[INFO 2020-06-30 19:47:28]解析yaml, Path:E:\python_project\InformationJava\Params/Param/Hierarchy/Yaml/DeleteHierarchy.yaml
[INFO 2020-06-30 19:47:28]文件已开始执行
[INFO 2020-06-30 19:47:40]解析yaml, Path:E:\python_project\InformationJava\Params/Param/Hierarchy/Yaml/GetHierarchy.yaml
[INFO 2020-06-30 19:47:40]解析yaml, Path:E:\python_project\InformationJava\Params/Param/Hierarchy/Yaml/AddHierarchy.yaml
[INFO 2020-06-30 19:47:40]解析yaml, Path:E:\python_project\InformationJava\Params/Param/Hierarchy/Yaml/DeleteHierarchy.yaml
[INFO 2020-06-30 19:47:40]文件已开始执行
[INFO 2020-06-30 19:48:59]解析yaml, Path:E:\python_project\InformationJava\Params/Param/Hierarchy/Yaml/GetHierarchy.yaml
[INFO 2020-06-30 19:48:59]解析yaml, Path:E:\python_project\InformationJava\Params/Param/Hierarchy/Yaml/AddHierarchy.yaml
[INFO 2020-06-30 19:48:59]解析yaml, Path:E:\python_project\InformationJava\Params/Param/Hierarchy/Yaml/DeleteHierarchy.yaml
[INFO 2020-06-30 19:48:59]文件已开始执行
[INFO 2020-06-30 19:49:31]解析yaml, Path:E:\python_project\InformationJava\Params/Param/Hierarchy/Yaml/GetHierarchy.yaml
[INFO 2020-06-30 19:49:31]解析yaml, Path:E:\python_project\InformationJava\Params/Param/Hierarchy/Yaml/AddHierarchy.yaml
[INFO 2020-06-30 19:49:31]解析yaml, Path:E:\python_project\InformationJava\Params/Param/Hierarchy/Yaml/DeleteHierarchy.yaml
[INFO 2020-06-30 19:49:31]文件已开始执行
[INFO 2020-06-30 19:50:22]解析yaml, Path:E:\python_project\InformationJava\Params/Param/Hierarchy/Yaml/GetHierarchy.yaml
[INFO 2020-06-30 19:50:22]解析yaml, Path:E:\python_project\InformationJava\Params/Param/Hierarchy/Yaml/AddHierarchy.yaml
[INFO 2020-06-30 19:50:22]解析yaml, Path:E:\python_project\InformationJava\Params/Param/Hierarchy/Yaml/DeleteHierarchy.yaml
[INFO 2020-06-30 19:50:22]文件已开始执行
[INFO 2020-06-30 19:50:46]解析yaml, Path:E:\python_project\InformationJava\Params/Param/Hierarchy/Yaml/GetHierarchy.yaml
[INFO 2020-06-30 19:50:46]解析yaml, Path:E:\python_project\InformationJava\Params/Param/Hierarchy/Yaml/AddHierarchy.yaml
[INFO 2020-06-30 19:50:46]解析yaml, Path:E:\python_project\InformationJava\Params/Param/Hierarchy/Yaml/DeleteHierarchy.yaml
[INFO 2020-06-30 19:50:46]文件已开始执行
[INFO 2020-06-30 19:53:17]解析yaml, Path:E:\python_project\InformationJava\Params/Param/Hierarchy/Yaml/GetHierarchy.yaml
[INFO 2020-06-30 19:53:17]解析yaml, Path:E:\python_project\InformationJava\Params/Param/Hierarchy/Yaml/AddHierarchy.yaml
[INFO 2020-06-30 19:53:17]解析yaml, Path:E:\python_project\InformationJava\Params/Param/Hierarchy/Yaml/DeleteHierarchy.yaml
[INFO 2020-06-30 19:53:17]文件已开始执行
[INFO 2020-06-30 19:53:39]解析yaml, Path:E:\python_project\InformationJava\Params/Param/Hierarchy/Yaml/GetHierarchy.yaml
[INFO 2020-06-30 19:53:39]解析yaml, Path:E:\python_project\InformationJava\Params/Param/Hierarchy/Yaml/AddHierarchy.yaml
[INFO 2020-06-30 19:53:39]解析yaml, Path:E:\python_project\InformationJava\Params/Param/Hierarchy/Yaml/DeleteHierarchy.yaml
[INFO 2020-06-30 19:53:39]文件已开始执行
[INFO 2020-06-30 19:57:54]解析yaml, Path:E:\python_project\InformationJava\Params/Param/Hierarchy/Yaml/GetHierarchy.yaml
[INFO 2020-06-30 19:57:54]解析yaml, Path:E:\python_project\InformationJava\Params/Param/Hierarchy/Yaml/AddHierarchy.yaml
[INFO 2020-06-30 19:57:54]解析yaml, Path:E:\python_project\InformationJava\Params/Param/Hierarchy/Yaml/DeleteHierarchy.yaml
[INFO 2020-06-30 19:57:54]文件已开始执行
[INFO 2020-06-30 19:58:33]解析yaml, Path:E:\python_project\InformationJava\Params/Param/Hierarchy/Yaml/GetHierarchy.yaml
[INFO 2020-06-30 19:58:33]解析yaml, Path:E:\python_project\InformationJava\Params/Param/Hierarchy/Yaml/AddHierarchy.yaml
[INFO 2020-06-30 19:58:34]解析yaml, Path:E:\python_project\InformationJava\Params/Param/Hierarchy/Yaml/DeleteHierarchy.yaml
[INFO 2020-06-30 19:58:34]文件已开始执行
[INFO 2020-06-30 20:00:31]解析yaml, Path:E:\python_project\InformationJava\Params/Param/Hierarchy/Yaml/GetHierarchy.yaml
[INFO 2020-06-30 20:00:31]解析yaml, Path:E:\python_project\InformationJava\Params/Param/Hierarchy/Yaml/AddHierarchy.yaml
[INFO 2020-06-30 20:00:31]解析yaml, Path:E:\python_project\InformationJava\Params/Param/Hierarchy/Yaml/DeleteHierarchy.yaml
[INFO 2020-06-30 20:00:31]文件已开始执行
[INFO 2020-06-30 20:03:46]解析yaml, Path:E:\python_project\InformationJava\Params/Param/Hierarchy/Yaml/GetHierarchy.yaml
[INFO 2020-06-30 20:03:49]解析yaml, Path:E:\python_project\InformationJava\Params/Param/Hierarchy/Yaml/AddHierarchy.yaml
[INFO 2020-06-30 20:03:51]解析yaml, Path:E:\python_project\InformationJava\Params/Param/Hierarchy/Yaml/DeleteHierarchy.yaml
[INFO 2020-06-30 20:03:54]文件已开始执行
[INFO 2020-06-30 20:23:12]解析yaml, Path:E:\python_project\InformationJava\Params/Param/Hierarchy/Yaml/GetHierarchy.yaml
[INFO 2020-06-30 20:23:12]解析yaml, Path:E:\python_project\InformationJava\Params/Param/Hierarchy/Yaml/AddHierarchy.yaml
[INFO 2020-06-30 20:23:12]解析yaml, Path:E:\python_project\InformationJava\Params/Param/Hierarchy/Yaml/DeleteHierarchy.yaml
[INFO 2020-06-30 20:23:12]文件已开始执行
[INFO 2020-06-30 20:33:55]解析yaml, Path:E:\python_project\InformationJava\Params/Param/Hierarchy/Yaml/GetHierarchy.yaml
[INFO 2020-06-30 20:33:55]解析yaml, Path:E:\python_project\InformationJava\Params/Param/Hierarchy/Yaml/AddHierarchy.yaml
[INFO 2020-06-30 20:33:55]解析yaml, Path:E:\python_project\InformationJava\Params/Param/Hierarchy/Yaml/DeleteHierarchy.yaml
[INFO 2020-06-30 20:33:55]文件已开始执行
[INFO 2020-06-30 20:49:23]解析yaml, Path:E:\python_project\InformationJava\Params/Param/Hierarchy/Yaml/GetHierarchy.yaml
[INFO 2020-06-30 20:49:23]解析yaml, Path:E:\python_project\InformationJava\Params/Param/Hierarchy/Yaml/AddHierarchy.yaml
[INFO 2020-06-30 20:49:23]解析yaml, Path:E:\python_project\InformationJava\Params/Param/Hierarchy/Yaml/DeleteHierarchy.yaml
[INFO 2020-06-30 20:49:23]解析yaml, Path:E:\python_project\InformationJava\Params/Param/Hierarchy/Yaml/EnableHierarchy.yaml
[INFO 2020-06-30 20:49:23]文件已开始执行
[INFO 2020-06-30 20:49:50]解析yaml, Path:E:\python_project\InformationJava\Params/Param/Hierarchy/Yaml/GetHierarchy.yaml
[INFO 2020-06-30 20:49:50]解析yaml, Path:E:\python_project\InformationJava\Params/Param/Hierarchy/Yaml/AddHierarchy.yaml
[INFO 2020-06-30 20:49:50]解析yaml, Path:E:\python_project\InformationJava\Params/Param/Hierarchy/Yaml/DeleteHierarchy.yaml
[INFO 2020-06-30 20:49:50]解析yaml, Path:E:\python_project\InformationJava\Params/Param/Hierarchy/Yaml/EnableHierarchy.yaml
[INFO 2020-06-30 20:49:50]文件已开始执行
[INFO 2020-07-01 09:08:24]解析yaml, Path:E:\python_project\InformationJava\Params/Param/Hierarchy/Yaml/GetHierarchy.yaml
[INFO 2020-07-01 09:08:24]解析yaml, Path:E:\python_project\InformationJava\Params/Param/Hierarchy/Yaml/AddHierarchy.yaml
[INFO 2020-07-01 09:08:24]解析yaml, Path:E:\python_project\InformationJava\Params/Param/Hierarchy/Yaml/DeleteHierarchy.yaml
[INFO 2020-07-01 09:08:24]解析yaml, Path:E:\python_project\InformationJava\Params/Param/Hierarchy/Yaml/EnableHierarchy.yaml
[INFO 2020-07-01 09:08:24]文件已开始执行
[INFO 2020-07-01 09:10:40]解析yaml, Path:E:\python_project\InformationJava\Params/Param/Hierarchy/Yaml/GetHierarchy.yaml
[INFO 2020-07-01 09:10:40]解析yaml, Path:E:\python_project\InformationJava\Params/Param/Hierarchy/Yaml/AddHierarchy.yaml
[INFO 2020-07-01 09:10:40]解析yaml, Path:E:\python_project\InformationJava\Params/Param/Hierarchy/Yaml/DeleteHierarchy.yaml
[INFO 2020-07-01 09:10:40]解析yaml, Path:E:\python_project\InformationJava\Params/Param/Hierarchy/Yaml/EnableHierarchy.yaml
[INFO 2020-07-01 09:10:40]文件已开始执行
[INFO 2020-07-01 09:12:08]解析yaml, Path:E:\python_project\InformationJava\Params/Param/Hierarchy/Yaml/GetHierarchy.yaml
[INFO 2020-07-01 09:12:08]解析yaml, Path:E:\python_project\InformationJava\Params/Param/Hierarchy/Yaml/AddHierarchy.yaml
[INFO 2020-07-01 09:12:08]解析yaml, Path:E:\python_project\InformationJava\Params/Param/Hierarchy/Yaml/DeleteHierarchy.yaml
[INFO 2020-07-01 09:12:08]解析yaml, Path:E:\python_project\InformationJava\Params/Param/Hierarchy/Yaml/EnableHierarchy.yaml
[INFO 2020-07-01 09:12:08]文件已开始执行
[INFO 2020-07-01 09:12:39]解析yaml, Path:E:\python_project\InformationJava\Params/Param/Hierarchy/Yaml/GetHierarchy.yaml
[INFO 2020-07-01 09:12:39]解析yaml, Path:E:\python_project\InformationJava\Params/Param/Hierarchy/Yaml/AddHierarchy.yaml
[INFO 2020-07-01 09:12:39]解析yaml, Path:E:\python_project\InformationJava\Params/Param/Hierarchy/Yaml/DeleteHierarchy.yaml
[INFO 2020-07-01 09:12:39]解析yaml, Path:E:\python_project\InformationJava\Params/Param/Hierarchy/Yaml/EnableHierarchy.yaml
[INFO 2020-07-01 09:12:39]文件已开始执行
[INFO 2020-07-01 09:13:05]解析yaml, Path:E:\python_project\InformationJava\Params/Param/Hierarchy/Yaml/GetHierarchy.yaml
[INFO 2020-07-01 09:13:05]解析yaml, Path:E:\python_project\InformationJava\Params/Param/Hierarchy/Yaml/AddHierarchy.yaml
[INFO 2020-07-01 09:13:05]解析yaml, Path:E:\python_project\InformationJava\Params/Param/Hierarchy/Yaml/DeleteHierarchy.yaml
[INFO 2020-07-01 09:13:05]解析yaml, Path:E:\python_project\InformationJava\Params/Param/Hierarchy/Yaml/EnableHierarchy.yaml
[INFO 2020-07-01 09:13:05]文件已开始执行
[INFO 2020-07-01 09:15:10]解析yaml, Path:E:\python_project\InformationJava\Params/Param/Hierarchy/Yaml/GetHierarchy.yaml
[INFO 2020-07-01 09:15:10]解析yaml, Path:E:\python_project\InformationJava\Params/Param/Hierarchy/Yaml/AddHierarchy.yaml
[INFO 2020-07-01 09:15:10]解析yaml, Path:E:\python_project\InformationJava\Params/Param/Hierarchy/Yaml/DeleteHierarchy.yaml
[INFO 2020-07-01 09:15:10]解析yaml, Path:E:\python_project\InformationJava\Params/Param/Hierarchy/Yaml/EnableHierarchy.yaml
[INFO 2020-07-01 09:15:10]文件已开始执行
[INFO 2020-07-01 09:16:14]解析yaml, Path:E:\python_project\InformationJava\Params/Param/Hierarchy/Yaml/GetHierarchy.yaml
[INFO 2020-07-01 09:16:14]解析yaml, Path:E:\python_project\InformationJava\Params/Param/Hierarchy/Yaml/AddHierarchy.yaml
[INFO 2020-07-01 09:16:14]解析yaml, Path:E:\python_project\InformationJava\Params/Param/Hierarchy/Yaml/DeleteHierarchy.yaml
[INFO 2020-07-01 09:16:14]解析yaml, Path:E:\python_project\InformationJava\Params/Param/Hierarchy/Yaml/EnableHierarchy.yaml
[INFO 2020-07-01 09:16:14]文件已开始执行
[INFO 2020-07-01 09:56:16]解析yaml, Path:E:\python_project\InformationJava\Params/Param/Hierarchy/Yaml/GetHierarchy.yaml
[INFO 2020-07-01 09:56:16]解析yaml, Path:E:\python_project\InformationJava\Params/Param/Hierarchy/Yaml/AddHierarchy.yaml
[INFO 2020-07-01 09:56:16]解析yaml, Path:E:\python_project\InformationJava\Params/Param/Hierarchy/Yaml/DeleteHierarchy.yaml
[INFO 2020-07-01 09:56:16]解析yaml, Path:E:\python_project\InformationJava\Params/Param/Hierarchy/Yaml/EnableHierarchy.yaml
[INFO 2020-07-01 09:56:16]解析yaml, Path:E:\python_project\InformationJava\Params/Param/Hierarchy/Yaml/UpdateHierarchy.yaml
[INFO 2020-07-01 09:56:16]文件已开始执行
[INFO 2020-07-01 10:24:02]解析yaml, Path:E:\python_project\InformationJava\Params/Param/Hierarchy/Yaml/GetHierarchy.yaml
[INFO 2020-07-01 10:24:02]解析yaml, Path:E:\python_project\InformationJava\Params/Param/Hierarchy/Yaml/AddHierarchy.yaml
[INFO 2020-07-01 10:24:02]解析yaml, Path:E:\python_project\InformationJava\Params/Param/Hierarchy/Yaml/DeleteHierarchy.yaml
[INFO 2020-07-01 10:24:02]解析yaml, Path:E:\python_project\InformationJava\Params/Param/Hierarchy/Yaml/EnableHierarchy.yaml
[INFO 2020-07-01 10:24:02]解析yaml, Path:E:\python_project\InformationJava\Params/Param/Hierarchy/Yaml/UpdateHierarchy.yaml
[INFO 2020-07-01 10:24:02]文件已开始执行
[INFO 2020-07-01 10:24:24]解析yaml, Path:E:\python_project\InformationJava\Params/Param/Hierarchy/Yaml/GetHierarchy.yaml
[INFO 2020-07-01 10:24:25]解析yaml, Path:E:\python_project\InformationJava\Params/Param/Hierarchy/Yaml/AddHierarchy.yaml
[INFO 2020-07-01 10:24:25]解析yaml, Path:E:\python_project\InformationJava\Params/Param/Hierarchy/Yaml/DeleteHierarchy.yaml
[INFO 2020-07-01 10:24:25]解析yaml, Path:E:\python_project\InformationJava\Params/Param/Hierarchy/Yaml/EnableHierarchy.yaml
[INFO 2020-07-01 10:24:25]解析yaml, Path:E:\python_project\InformationJava\Params/Param/Hierarchy/Yaml/UpdateHierarchy.yaml
[INFO 2020-07-01 10:24:25]文件已开始执行
[INFO 2020-07-01 10:25:50]解析yaml, Path:E:\python_project\InformationJava\Params/Param/Hierarchy/Yaml/GetHierarchy.yaml
[INFO 2020-07-01 10:25:50]解析yaml, Path:E:\python_project\InformationJava\Params/Param/Hierarchy/Yaml/AddHierarchy.yaml
[INFO 2020-07-01 10:25:50]解析yaml, Path:E:\python_project\InformationJava\Params/Param/Hierarchy/Yaml/DeleteHierarchy.yaml
[INFO 2020-07-01 10:25:50]解析yaml, Path:E:\python_project\InformationJava\Params/Param/Hierarchy/Yaml/EnableHierarchy.yaml
[INFO 2020-07-01 10:25:50]解析yaml, Path:E:\python_project\InformationJava\Params/Param/Hierarchy/Yaml/UpdateHierarchy.yaml
[INFO 2020-07-01 10:25:50]文件已开始执行
[INFO 2020-07-01 10:33:11]解析yaml, Path:E:\python_project\InformationJava\Params/Param/Hierarchy/Yaml/GetHierarchy.yaml
[INFO 2020-07-01 10:33:11]解析yaml, Path:E:\python_project\InformationJava\Params/Param/Hierarchy/Yaml/AddHierarchy.yaml
[INFO 2020-07-01 10:33:11]解析yaml, Path:E:\python_project\InformationJava\Params/Param/Hierarchy/Yaml/DeleteHierarchy.yaml
[INFO 2020-07-01 10:33:12]解析yaml, Path:E:\python_project\InformationJava\Params/Param/Hierarchy/Yaml/EnableHierarchy.yaml
[INFO 2020-07-01 10:33:12]解析yaml, Path:E:\python_project\InformationJava\Params/Param/Hierarchy/Yaml/UpdateHierarchy.yaml
[INFO 2020-07-01 10:33:12]解析yaml, Path:E:\python_project\InformationJava\Params/Param/Hierarchy/Yaml/SecondLevalHierarchy.yaml
[INFO 2020-07-01 10:33:12]文件已开始执行
